Determining if the pthread_create exist failed with the following output:
Change Dir: /home/victor/Victor/Mario/funcional/build/CMakeFiles/CMakeTmp

Run Build Command:"/usr/bin/make" "cmTC_03ff8/fast"
make[1]: se entra en el directorio '/home/victor/Victor/Mario/funcional/build/CMakeFiles/CMakeTmp'
/usr/bin/make -f CMakeFiles/cmTC_03ff8.dir/build.make CMakeFiles/cmTC_03ff8.dir/build
make[2]: se entra en el directorio '/home/victor/Victor/Mario/funcional/build/CMakeFiles/CMakeTmp'
Building C object CMakeFiles/cmTC_03ff8.dir/CheckSymbolExists.c.o
/usr/bin/cc     -o CMakeFiles/cmTC_03ff8.dir/CheckSymbolExists.c.o   -c /home/victor/Victor/Mario/funcional/build/CMakeFiles/CMakeTmp/CheckSymbolExists.c
Linking C executable cmTC_03ff8
/usr/bin/cmake -E cmake_link_script CMakeFiles/cmTC_03ff8.dir/link.txt --verbose=1
/usr/bin/cc       CMakeFiles/cmTC_03ff8.dir/CheckSymbolExists.c.o  -o cmTC_03ff8 -rdynamic 
CMakeFiles/cmTC_03ff8.dir/CheckSymbolExists.c.o: En la función `main':
CheckSymbolExists.c:(.text+0x1b): referencia a `pthread_create' sin definir
collect2: error: ld returned 1 exit status
CMakeFiles/cmTC_03ff8.dir/build.make:97: fallo en las instrucciones para el objetivo 'cmTC_03ff8'
make[2]: *** [cmTC_03ff8] Error 1
make[2]: se sale del directorio '/home/victor/Victor/Mario/funcional/build/CMakeFiles/CMakeTmp'
Makefile:126: fallo en las instrucciones para el objetivo 'cmTC_03ff8/fast'
make[1]: *** [cmTC_03ff8/fast] Error 2
make[1]: se sale del directorio '/home/victor/Victor/Mario/funcional/build/CMakeFiles/CMakeTmp'

File /home/victor/Victor/Mario/funcional/build/CMakeFiles/CMakeTmp/CheckSymbolExists.c:
/* */
#include <pthread.h>

int main(int argc, char** argv)
{
  (void)argv;
#ifndef pthread_create
  return ((int*)(&pthread_create))[argc];
#else
  (void)argc;
  return 0;
#endif
}

Determining if the function pthread_create exists in the pthreads failed with the following output:
Change Dir: /home/victor/Victor/Mario/funcional/build/CMakeFiles/CMakeTmp

Run Build Command:"/usr/bin/make" "cmTC_8b6e3/fast"
make[1]: se entra en el directorio '/home/victor/Victor/Mario/funcional/build/CMakeFiles/CMakeTmp'
/usr/bin/make -f CMakeFiles/cmTC_8b6e3.dir/build.make CMakeFiles/cmTC_8b6e3.dir/build
make[2]: se entra en el directorio '/home/victor/Victor/Mario/funcional/build/CMakeFiles/CMakeTmp'
Building C object CMakeFiles/cmTC_8b6e3.dir/CheckFunctionExists.c.o
/usr/bin/cc    -DCHECK_FUNCTION_EXISTS=pthread_create   -o CMakeFiles/cmTC_8b6e3.dir/CheckFunctionExists.c.o   -c /usr/share/cmake-3.7/Modules/CheckFunctionExists.c
Linking C executable cmTC_8b6e3
/usr/bin/cmake -E cmake_link_script CMakeFiles/cmTC_8b6e3.dir/link.txt --verbose=1
/usr/bin/cc   -DCHECK_FUNCTION_EXISTS=pthread_create    CMakeFiles/cmTC_8b6e3.dir/CheckFunctionExists.c.o  -o cmTC_8b6e3 -rdynamic -lpthreads 
/usr/bin/ld: no se puede encontrar -lpthreads
collect2: error: ld returned 1 exit status
CMakeFiles/cmTC_8b6e3.dir/build.make:97: fallo en las instrucciones para el objetivo 'cmTC_8b6e3'
make[2]: *** [cmTC_8b6e3] Error 1
make[2]: se sale del directorio '/home/victor/Victor/Mario/funcional/build/CMakeFiles/CMakeTmp'
Makefile:126: fallo en las instrucciones para el objetivo 'cmTC_8b6e3/fast'
make[1]: *** [cmTC_8b6e3/fast] Error 2
make[1]: se sale del directorio '/home/victor/Victor/Mario/funcional/build/CMakeFiles/CMakeTmp'


